Arguments: 
  /usr/local/bin/node /usr/local/Cellar/yarn/1.5.1/libexec/bin/yarn.js install

PATH: 
  /Users/kylenathan/.rvm/gems/ruby-2.5.0/bin:/Users/kylenathan/.rvm/gems/ruby-2.5.0@global/bin:/Users/kylenathan/.rvm/rubies/ruby-2.5.0/bin:/usr/local/bin:/usr/bin:/bin:/usr/sbin:/sbin:/Users/kylenathan/.rvm/gems/ruby-2.5.0/bin:/Users/kylenathan/.rvm/gems/ruby-2.5.0@global/bin:/Users/kylenathan/.rvm/rubies/ruby-2.5.0/bin:/Users/kylenathan/.rvm/bin:/Users/kylenathan/.rvm/bin

Yarn version: 
  1.5.1

Node version: 
  8.9.1

Platform: 
  darwin x64

npm manifest: 
  {
    "name": "ember-longleat-components",
    "version": "0.0.0",
    "description": "The default blueprint for ember-cli addons.",
    "keywords": [
      "ember-addon"
    ],
    "license": "MIT",
    "author": "",
    "directories": {
      "doc": "doc",
      "test": "tests"
    },
    "repository": "",
    "scripts": {
      "build": "ember build",
      "start": "ember server",
      "test": "ember try:each"
    },
    "dependencies": {
      "ember-cli-babel": "^6.0.0",
      "ember-cli-htmlbars": "^1.1.1",
      "ember-cli-sass": "^6.2.0",
      "ember-component-css": "^0.6.0",
      "ember-power-select": "^1.8.5",
      "ember-truth-helpers": "^1.3.0"
    },
    "devDependencies": {
      "broccoli-asset-rev": "^2.4.5",
      "ember-ajax": "^3.0.0",
      "ember-cli": "2.13.1",
      "ember-cli-dependency-checker": "^1.3.0",
      "ember-cli-eslint": "^3.0.0",
      "ember-cli-htmlbars-inline-precompile": "^0.4.0",
      "ember-cli-inject-live-reload": "^1.4.1",
      "ember-cli-moment-shim": "^3.3.1",
      "ember-cli-qunit": "^4.0.0",
      "ember-cli-shims": "^1.1.0",
      "ember-cli-sri": "^2.1.0",
      "ember-cli-uglify": "^1.2.0",
      "ember-credit-cards": "^1.1.1",
      "ember-disable-prototype-extensions": "^1.1.0",
      "ember-export-application-global": "^2.0.0",
      "ember-load-initializers": "^1.0.0",
      "ember-moment": "^7.3.1",
      "ember-resolver": "^4.0.0",
      "ember-source": "~2.13.0",
      "eslint-plugin-ember": "^3.4.1",
      "loader.js": "^4.2.3"
    },
    "engines": {
      "node": ">= 4"
    },
    "ember-addon": {
      "configPath": "tests/dummy/config"
    }
  }

yarn manifest: 
  No manifest

Lockfile: 
  No lockfile

Trace: 
  Error: Found incompatible module
      at new MessageError (/usr/local/Cellar/yarn/1.5.1/libexec/lib/cli.js:186:110)
      at checkOne (/usr/local/Cellar/yarn/1.5.1/libexec/lib/cli.js:62444:11)
      at Object.check (/usr/local/Cellar/yarn/1.5.1/libexec/lib/cli.js:62463:5)
      at /usr/local/Cellar/yarn/1.5.1/libexec/lib/cli.js:22803:73
      at Generator.next (<anonymous>)
      at step (/usr/local/Cellar/yarn/1.5.1/libexec/lib/cli.js:98:30)
      at /usr/local/Cellar/yarn/1.5.1/libexec/lib/cli.js:109:13
      at <anonymous>
